WARNING: Packing source code into tar to upload...
WARNING: Uploading archived source code from 'C:\Users\verso\AppData\Local\Temp\build_archive_b85a482ccb0e4c97a58bdf6686946b3c.tar.gz'...
WARNING: Sending context (626.326 KiB) to registry: tcairrresgistry...
WARNING: Queued a build with ID: cx2r
WARNING: Waiting for an agent...
2026/05/14 02:47:58 Downloading source code...

2026/05/14 02:47:59 Finished downloading source code

2026/05/14 02:48:00 Using acb_vol_5ebc4469-a080-4cc7-9f4f-0c8dc02fb7d2 as the home volume
2026/05/14 02:48:00 Setting up Docker configuration...
2026/05/14 02:48:00 Successfully set up Docker configuration
2026/05/14 02:48:00 Logging in to registry: tcairrresgistry-a4bahwbpegfve2gq.azurecr.io
2026/05/14 02:48:01 Successfully logged into tcairrresgistry-a4bahwbpegfve2gq.azurecr.io
2026/05/14 02:48:01 Executing step ID: build. Timeout(sec): 28800, Working directory: '', Network: ''
2026/05/14 02:48:01 Scanning for dependencies...
2026/05/14 02:48:01 Successfully scanned dependencies
2026/05/14 02:48:01 Launching container with name: build
Sending build context to Docker daemon  2.421MB



Step 1/13 : FROM python:3.11-slim
3.11-slim: Pulling from library/python
57fb71246055: Pulling fs layer
01f59aef9b5c: Pulling fs layer
fb4c70443787: Pulling fs layer
6f92665ed17a: Pulling fs layer
6f92665ed17a: Waiting
01f59aef9b5c: Verifying Checksum
01f59aef9b5c: Download complete
fb4c70443787: Verifying Checksum
fb4c70443787: Download complete
57fb71246055: Verifying Checksum
57fb71246055: Download complete
6f92665ed17a: Verifying Checksum
6f92665ed17a: Download complete
57fb71246055: Pull complete

01f59aef9b5c: Pull complete
fb4c70443787: Pull complete
6f92665ed17a: Pull complete
Digest: sha256:9a7765b36773a37061455b332f18e265e7f58f6fea9c419a550d2a8b0e9db834
Status: Downloaded newer image for python:3.11-slim
 ---> 5d617d87925d
Step 2/13 : ENV PYTHONDONTWRITEBYTECODE=1     PYTHONUNBUFFERED=1     PYTHONPATH=/app     DEBIAN_FRONTEND=noninteractive
 ---> Running in a5f2fea90ff2
Removing intermediate container a5f2fea90ff2
 ---> 77ad3845885f
Step 3/13 : RUN groupadd -r appuser && useradd -r -g appuser appuser
 ---> Running in b40329c60c1d
Removing intermediate container b40329c60c1d
 ---> 76c99d3f2bdf
Step 4/13 : RUN apt-get update && apt-get install -y     build-essential     libpq-dev     curl     && rm -rf /var/lib/apt/lists/*

 ---> Running in 34420a52f9dd
Hit:1 http://deb.debian.org/debian trixie InRelease
Get:2 http://deb.debian.org/debian trixie-updates InRelease [47.3 kB]
Get:3 http://deb.debian.org/debian-security trixie-security InRelease [43.4 kB]
Get:4 http://deb.debian.org/debian trixie/main amd64 Packages [9671 kB]
Get:5 http://deb.debian.org/debian trixie-updates/main amd64 Packages [5412 B]
Get:6 http://deb.debian.org/debian-security trixie-security/main amd64 Packages [160 kB]
Fetched 9927 kB in 1s (12.6 MB/s)
Reading package lists...
Reading package lists...

Building dependency tree...
Reading state information...
The following additional packages will be installed:
  bash-completion binutils binutils-common binutils-x86-64-linux-gnu bzip2 cpp
  cpp-14 cpp-14-x86-64-linux-gnu cpp-x86-64-linux-gnu dpkg-dev fakeroot g++
  g++-14 g++-14-x86-64-linux-gnu g++-x86-64-linux-gnu gcc gcc-14
  gcc-14-x86-64-linux-gnu gcc-x86-64-linux-gnu krb5-locales
  libalgorithm-diff-perl libalgorithm-diff-xs-perl libalgorithm-merge-perl
  libasan8 libatomic1 libbinutils libbrotli1 libc-dev-bin libc6-dev libcc1-0
  libcom-err2 libcrypt-dev libctf-nobfd0 libctf0 libcurl4t64 libdpkg-perl
  libfakeroot libfile-fcntllock-perl libgcc-14-dev libgdbm-compat4t64
  libgnutls30t64 libgomp1 libgprofng0 libgssapi-krb5-2 libhwasan0 libidn2-0
  libisl23 libitm1 libjansson4 libk5crypto3 libkeyutils1 libkrb5-3
  libkrb5support0 libldap-common libldap2 liblocale-gettext-perl liblsan0
  libmpc3 libmpfr6 libnghttp2-14 libnghttp3-9 libp11-kit0 libperl5.40 libpq5
  libpsl5t64 libquadmath0 librtmp1 libsasl2-2 libsasl2-modules
  libsasl2-modules-db libsframe1 libssh2-1t64 libssl-dev libstdc++-14-dev
  libtasn1-6 libtsan2 libubsan1 libunistring5 linux-libc-dev make manpages
  manpages-dev patch perl perl-modules-5.40 publicsuffix rpcsvc-proto sq
  xz-utils
Suggested packages:
  binutils-doc gprofng-gui binutils-gold bzip2-doc cpp-doc gcc-14-locales
  cpp-14-doc debian-keyring debian-tag2upload-keyring g++-multilib
  g++-14-multilib gcc-14-doc gcc-multilib autoconf automake libtool flex bison
  gdb gcc-doc gcc-14-multilib gdb-x86-64-linux-gnu libc-devtools glibc-doc
  sensible-utils git bzr gnutls-bin krb5-doc krb5-user postgresql-doc-17
  libsasl2-modules-gssapi-mit | libsasl2-modules-gssapi-heimdal
  libsasl2-modules-ldap libsasl2-modules-otp libsasl2-modules-sql libssl-doc
  libstdc++-14-doc make-doc man-browser ed diffutils-doc perl-doc
  libterm-readline-gnu-perl | libterm-readline-perl-perl
  libtap-harness-archive-perl
The following NEW packages will be installed:
  bash-completion binutils binutils-common binutils-x86-64-linux-gnu
  build-essential bzip2 cpp cpp-14 cpp-14-x86-64-linux-gnu
  cpp-x86-64-linux-gnu curl dpkg-dev fakeroot g++ g++-14
  g++-14-x86-64-linux-gnu g++-x86-64-linux-gnu gcc gcc-14
  gcc-14-x86-64-linux-gnu gcc-x86-64-linux-gnu krb5-locales
  libalgorithm-diff-perl libalgorithm-diff-xs-perl libalgorithm-merge-perl
  libasan8 libatomic1 libbinutils libbrotli1 libc-dev-bin libc6-dev libcc1-0
  libcom-err2 libcrypt-dev libctf-nobfd0 libctf0 libcurl4t64 libdpkg-perl
  libfakeroot libfile-fcntllock-perl libgcc-14-dev libgdbm-compat4t64
  libgnutls30t64 libgomp1 libgprofng0 libgssapi-krb5-2 libhwasan0 libidn2-0
  libisl23 libitm1 libjansson4 libk5crypto3 libkeyutils1 libkrb5-3
  libkrb5support0 libldap-common libldap2 liblocale-gettext-perl liblsan0
  libmpc3 libmpfr6 libnghttp2-14 libnghttp3-9 libp11-kit0 libperl5.40
  libpq-dev libpq5 libpsl5t64 libquadmath0 librtmp1 libsasl2-2
  libsasl2-modules libsasl2-modules-db libsframe1 libssh2-1t64 libssl-dev
  libstdc++-14-dev libtasn1-6 libtsan2 libubsan1 libunistring5 linux-libc-dev
  make manpages manpages-dev patch perl perl-modules-5.40 publicsuffix
  rpcsvc-proto sq xz-utils
0 upgraded, 92 newly installed, 0 to remove and 0 not upgraded.
Need to get 101 MB of archives.
After this operation, 402 MB of additional disk space will be used.
Get:1 http://deb.debian.org/debian trixie/main amd64 liblocale-gettext-perl amd64 1.07-7+b1 [15.3 kB]
Get:2 http://deb.debian.org/debian trixie/main amd64 bash-completion all 1:2.16.0-7 [319 kB]
Get:3 http://deb.debian.org/debian trixie/main amd64 bzip2 amd64 1.0.8-6 [40.5 kB]
Get:4 http://deb.debian.org/debian trixie/main amd64 krb5-locales all 1.21.3-5 [101 kB]
Get:5 http://deb.debian.org/debian trixie/main amd64 manpages all 6.9.1-1 [1393 kB]
Get:6 http://deb.debian.org/debian trixie/main amd64 perl-modules-5.40 all 5.40.1-6 [3019 kB]
Get:7 http://deb.debian.org/debian trixie/main amd64 libgdbm-compat4t64 amd64 1.24-2 [50.3 kB]
Get:8 http://deb.debian.org/debian trixie/main amd64 libperl5.40 amd64 5.40.1-6 [4341 kB]
Get:9 http://deb.debian.org/debian trixie/main amd64 perl amd64 5.40.1-6 [267 kB]
Get:10 http://deb.debian.org/debian trixie/main amd64 xz-utils amd64 5.8.1-1 [660 kB]
Get:11 http://deb.debian.org/debian trixie/main amd64 libsframe1 amd64 2.44-3 [78.4 kB]
Get:12 http://deb.debian.org/debian trixie/main amd64 binutils-common amd64 2.44-3 [2509 kB]
Get:13 http://deb.debian.org/debian trixie/main amd64 libbinutils amd64 2.44-3 [534 kB]
Get:14 http://deb.debian.org/debian trixie/main amd64 libgprofng0 amd64 2.44-3 [808 kB]
Get:15 http://deb.debian.org/debian trixie/main amd64 libctf-nobfd0 amd64 2.44-3 [156 kB]
Get:16 http://deb.debian.org/debian trixie/main amd64 libctf0 amd64 2.44-3 [88.6 kB]
Get:17 http://deb.debian.org/debian trixie/main amd64 libjansson4 amd64 2.14-2+b3 [39.8 kB]
Get:18 http://deb.debian.org/debian trixie/main amd64 binutils-x86-64-linux-gnu amd64 2.44-3 [1014 kB]
Get:19 http://deb.debian.org/debian trixie/main amd64 binutils amd64 2.44-3 [265 kB]
Get:20 http://deb.debian.org/debian trixie/main amd64 libc-dev-bin amd64 2.41-12+deb13u2 [59.4 kB]
Get:21 http://deb.debian.org/debian-security trixie-security/main amd64 linux-libc-dev all 6.12.86-1 [2807 kB]
Get:22 http://deb.debian.org/debian trixie/main amd64 libcrypt-dev amd64 1:4.4.38-1 [119 kB]
Get:23 http://deb.debian.org/debian trixie/main amd64 rpcsvc-proto amd64 1.4.3-1 [63.3 kB]
Get:24 http://deb.debian.org/debian trixie/main amd64 libc6-dev amd64 2.41-12+deb13u2 [1996 kB]
Get:25 http://deb.debian.org/debian trixie/main amd64 libisl23 amd64 0.27-1 [659 kB]
Get:26 http://deb.debian.org/debian trixie/main amd64 libmpfr6 amd64 4.2.2-1 [729 kB]
Get:27 http://deb.debian.org/debian trixie/main amd64 libmpc3 amd64 1.3.1-1+b3 [52.2 kB]
Get:28 http://deb.debian.org/debian trixie/main amd64 cpp-14-x86-64-linux-gnu amd64 14.2.0-19 [11.0 MB]
Get:29 http://deb.debian.org/debian trixie/main amd64 cpp-14 amd64 14.2.0-19 [1280 B]
Get:30 http://deb.debian.org/debian trixie/main amd64 cpp-x86-64-linux-gnu amd64 4:14.2.0-1 [4840 B]
Get:31 http://deb.debian.org/debian trixie/main amd64 cpp amd64 4:14.2.0-1 [1568 B]
Get:32 http://deb.debian.org/debian trixie/main amd64 libcc1-0 amd64 14.2.0-19 [42.8 kB]
Get:33 http://deb.debian.org/debian trixie/main amd64 libgomp1 amd64 14.2.0-19 [137 kB]
Get:34 http://deb.debian.org/debian trixie/main amd64 libitm1 amd64 14.2.0-19 [26.0 kB]
Get:35 http://deb.debian.org/debian trixie/main amd64 libatomic1 amd64 14.2.0-19 [9308 B]
Get:36 http://deb.debian.org/debian trixie/main amd64 libasan8 amd64 14.2.0-19 [2725 kB]
Get:37 http://deb.debian.org/debian trixie/main amd64 liblsan0 amd64 14.2.0-19 [1204 kB]
Get:38 http://deb.debian.org/debian trixie/main amd64 libtsan2 amd64 14.2.0-19 [2460 kB]
Get:39 http://deb.debian.org/debian trixie/main amd64 libubsan1 amd64 14.2.0-19 [1074 kB]
Get:40 http://deb.debian.org/debian trixie/main amd64 libhwasan0 amd64 14.2.0-19 [1488 kB]
Get:41 http://deb.debian.org/debian trixie/main amd64 libquadmath0 amd64 14.2.0-19 [145 kB]
Get:42 http://deb.debian.org/debian trixie/main amd64 libgcc-14-dev amd64 14.2.0-19 [2672 kB]
Get:43 http://deb.debian.org/debian trixie/main amd64 gcc-14-x86-64-linux-gnu amd64 14.2.0-19 [21.4 MB]
Get:44 http://deb.debian.org/debian trixie/main amd64 gcc-14 amd64 14.2.0-19 [540 kB]
Get:45 http://deb.debian.org/debian trixie/main amd64 gcc-x86-64-linux-gnu amd64 4:14.2.0-1 [1436 B]
Get:46 http://deb.debian.org/debian trixie/main amd64 gcc amd64 4:14.2.0-1 [5136 B]
Get:47 http://deb.debian.org/debian trixie/main amd64 libstdc++-14-dev amd64 14.2.0-19 [2376 kB]
Get:48 http://deb.debian.org/debian trixie/main amd64 g++-14-x86-64-linux-gnu amd64 14.2.0-19 [12.1 MB]
Get:49 http://deb.debian.org/debian trixie/main amd64 g++-14 amd64 14.2.0-19 [22.5 kB]
Get:50 http://deb.debian.org/debian trixie/main amd64 g++-x86-64-linux-gnu amd64 4:14.2.0-1 [1200 B]
Get:51 http://deb.debian.org/debian trixie/main amd64 g++ amd64 4:14.2.0-1 [1344 B]
Get:52 http://deb.debian.org/debian trixie/main amd64 make amd64 4.4.1-2 [463 kB]
Get:53 http://deb.debian.org/debian trixie/main amd64 libdpkg-perl all 1.22.22 [651 kB]

Get:54 http://deb.debian.org/debian trixie/main amd64 patch amd64 2.8-2 [134 kB]
Get:55 http://deb.debian.org/debian trixie/main amd64 dpkg-dev all 1.22.22 [1337 kB]
Get:56 http://deb.debian.org/debian trixie/main amd64 build-essential amd64 12.12 [4624 B]
Get:57 http://deb.debian.org/debian trixie/main amd64 libbrotli1 amd64 1.1.0-2+b7 [307 kB]
Get:58 http://deb.debian.org/debian trixie/main amd64 libkrb5support0 amd64 1.21.3-5 [33.0 kB]
Get:59 http://deb.debian.org/debian trixie/main amd64 libcom-err2 amd64 1.47.2-3+b10 [25.0 kB]
Get:60 http://deb.debian.org/debian trixie/main amd64 libk5crypto3 amd64 1.21.3-5 [81.5 kB]
Get:61 http://deb.debian.org/debian trixie/main amd64 libkeyutils1 amd64 1.6.3-6 [9456 B]
Get:62 http://deb.debian.org/debian trixie/main amd64 libkrb5-3 amd64 1.21.3-5 [326 kB]
Get:63 http://deb.debian.org/debian trixie/main amd64 libgssapi-krb5-2 amd64 1.21.3-5 [138 kB]
Get:64 http://deb.debian.org/debian trixie/main amd64 libunistring5 amd64 1.3-2 [477 kB]
Get:65 http://deb.debian.org/debian trixie/main amd64 libidn2-0 amd64 2.3.8-2 [109 kB]
Get:66 http://deb.debian.org/debian trixie/main amd64 libsasl2-modules-db amd64 2.1.28+dfsg1-9 [19.8 kB]
Get:67 http://deb.debian.org/debian trixie/main amd64 libsasl2-2 amd64 2.1.28+dfsg1-9 [57.5 kB]
Get:68 http://deb.debian.org/debian trixie/main amd64 libldap2 amd64 2.6.10+dfsg-1 [194 kB]
Get:69 http://deb.debian.org/debian trixie/main amd64 libnghttp2-14 amd64 1.64.0-1.1 [76.0 kB]
Get:70 http://deb.debian.org/debian trixie/main amd64 libnghttp3-9 amd64 1.8.0-1 [67.7 kB]
Get:71 http://deb.debian.org/debian trixie/main amd64 libpsl5t64 amd64 0.21.2-1.1+b1 [57.2 kB]
Get:72 http://deb.debian.org/debian trixie/main amd64 libp11-kit0 amd64 0.25.5-3 [425 kB]
Get:73 http://deb.debian.org/debian trixie/main amd64 libtasn1-6 amd64 4.20.0-2 [49.9 kB]
Get:74 http://deb.debian.org/debian trixie/main amd64 libgnutls30t64 amd64 3.8.9-3+deb13u2 [1468 kB]
Get:75 http://deb.debian.org/debian trixie/main amd64 librtmp1 amd64 2.4+20151223.gitfa8646d.1-2+b5 [58.8 kB]
Get:76 http://deb.debian.org/debian trixie/main amd64 libssh2-1t64 amd64 1.11.1-1 [245 kB]
Get:77 http://deb.debian.org/debian trixie/main amd64 libcurl4t64 amd64 8.14.1-2+deb13u2 [391 kB]
Get:78 http://deb.debian.org/debian trixie/main amd64 curl amd64 8.14.1-2+deb13u2 [270 kB]
Get:79 http://deb.debian.org/debian trixie/main amd64 libfakeroot amd64 1.37.1.1-1 [29.6 kB]
Get:80 http://deb.debian.org/debian trixie/main amd64 fakeroot amd64 1.37.1.1-1 [76.0 kB]
Get:81 http://deb.debian.org/debian trixie/main amd64 libalgorithm-diff-perl all 1.201-1 [43.3 kB]
Get:82 http://deb.debian.org/debian trixie/main amd64 libalgorithm-diff-xs-perl amd64 0.04-9 [11.1 kB]
Get:83 http://deb.debian.org/debian trixie/main amd64 libalgorithm-merge-perl all 0.08-5 [11.8 kB]
Get:84 http://deb.debian.org/debian trixie/main amd64 libfile-fcntllock-perl amd64 0.22-4+b4 [34.6 kB]
Get:85 http://deb.debian.org/debian trixie/main amd64 libldap-common all 2.6.10+dfsg-1 [35.1 kB]
Get:86 http://deb.debian.org/debian trixie/main amd64 libpq5 amd64 17.9-0+deb13u1 [228 kB]
Get:87 http://deb.debian.org/debian-security trixie-security/main amd64 libssl-dev amd64 3.5.5-1~deb13u2 [2954 kB]
Get:88 http://deb.debian.org/debian trixie/main amd64 libpq-dev amd64 17.9-0+deb13u1 [152 kB]
Get:89 http://deb.debian.org/debian trixie/main amd64 libsasl2-modules amd64 2.1.28+dfsg1-9 [66.7 kB]
Get:90 http://deb.debian.org/debian trixie/main amd64 manpages-dev all 6.9.1-1 [2122 kB]
Get:91 http://deb.debian.org/debian trixie/main amd64 publicsuffix all 20250328.1952-0.1 [296 kB]
Get:92 http://deb.debian.org/debian trixie/main amd64 sq amd64 1.3.1-2+b2 [5653 kB]
Fetched 101 MB in 0s (204 MB/s)

Selecting previously unselected package liblocale-gettext-perl.

(Reading database ... 
(Reading database ... 5%
(Reading database ... 10%
(Reading database ... 15%
(Reading database ... 20%
(Reading database ... 25%
(Reading database ... 30%
(Reading database ... 35%
(Reading database ... 40%
(Reading database ... 45%
(Reading database ... 50%
(Reading database ... 55%
(Reading database ... 60%
(Reading database ... 65%
(Reading database ... 70%
(Reading database ... 75%
(Reading database ... 80%
(Reading database ... 85%
(Reading database ... 90%
(Reading database ... 95%
(Reading database ... 100%
(Reading database ... 5645 files and directories currently installed.)

Preparing to unpack .../00-liblocale-gettext-perl_1.07-7+b1_amd64.deb ...

Unpacking liblocale-gettext-perl (1.07-7+b1) ...

Selecting previously unselected package bash-completion.

Preparing to unpack .../01-bash-completion_1%3a2.16.0-7_all.deb ...

Unpacking bash-completion (1:2.16.0-7) ...

Selecting previously unselected package bzip2.

Preparing to unpack .../02-bzip2_1.0.8-6_amd64.deb ...

Unpacking bzip2 (1.0.8-6) ...

Selecting previously unselected package krb5-locales.

Preparing to unpack .../03-krb5-locales_1.21.3-5_all.deb ...

Unpacking krb5-locales (1.21.3-5) ...

Selecting previously unselected package manpages.

Preparing to unpack .../04-manpages_6.9.1-1_all.deb ...

Unpacking manpages (6.9.1-1) ...

Selecting previously unselected package perl-modules-5.40.

Preparing to unpack .../05-perl-modules-5.40_5.40.1-6_all.deb ...

Unpacking perl-modules-5.40 (5.40.1-6) ...

Selecting previously unselected package libgdbm-compat4t64:amd64.

Preparing to unpack .../06-libgdbm-compat4t64_1.24-2_amd64.deb ...

Unpacking libgdbm-compat4t64:amd64 (1.24-2) ...

Selecting previously unselected package libperl5.40:amd64.

Preparing to unpack .../07-libperl5.40_5.40.1-6_amd64.deb ...

Unpacking libperl5.40:amd64 (5.40.1-6) ...

Selecting previously unselected package perl.

Preparing to unpack .../08-perl_5.40.1-6_amd64.deb ...

Unpacking perl (5.40.1-6) ...

Selecting previously unselected package xz-utils.

Preparing to unpack .../09-xz-utils_5.8.1-1_amd64.deb ...

Unpacking xz-utils (5.8.1-1) ...

Selecting previously unselected package libsframe1:amd64.

Preparing to unpack .../10-libsframe1_2.44-3_amd64.deb ...

Unpacking libsframe1:amd64 (2.44-3) ...

Selecting previously unselected package binutils-common:amd64.

Preparing to unpack .../11-binutils-common_2.44-3_amd64.deb ...

Unpacking binutils-common:amd64 (2.44-3) ...

Selecting previously unselected package libbinutils:amd64.

Preparing to unpack .../12-libbinutils_2.44-3_amd64.deb ...

Unpacking libbinutils:amd64 (2.44-3) ...

Selecting previously unselected package libgprofng0:amd64.

Preparing to unpack .../13-libgprofng0_2.44-3_amd64.deb ...

Unpacking libgprofng0:amd64 (2.44-3) ...

Selecting previously unselected package libctf-nobfd0:amd64.

Preparing to unpack .../14-libctf-nobfd0_2.44-3_amd64.deb ...

Unpacking libctf-nobfd0:amd64 (2.44-3) ...

Selecting previously unselected package libctf0:amd64.

Preparing to unpack .../15-libctf0_2.44-3_amd64.deb ...

Unpacking libctf0:amd64 (2.44-3) ...

Selecting previously unselected package libjansson4:amd64.

Preparing to unpack .../16-libjansson4_2.14-2+b3_amd64.deb ...

Unpacking libjansson4:amd64 (2.14-2+b3) ...

Selecting previously unselected package binutils-x86-64-linux-gnu.

Preparing to unpack .../17-binutils-x86-64-linux-gnu_2.44-3_amd64.deb ...

Unpacking binutils-x86-64-linux-gnu (2.44-3) ...

Selecting previously unselected package binutils.

Preparing to unpack .../18-binutils_2.44-3_amd64.deb ...

Unpacking binutils (2.44-3) ...

Selecting previously unselected package libc-dev-bin.

Preparing to unpack .../19-libc-dev-bin_2.41-12+deb13u2_amd64.deb ...

Unpacking libc-dev-bin (2.41-12+deb13u2) ...

Selecting previously unselected package linux-libc-dev.

Preparing to unpack .../20-linux-libc-dev_6.12.86-1_all.deb ...

Unpacking linux-libc-dev (6.12.86-1) ...

Selecting previously unselected package libcrypt-dev:amd64.

Preparing to unpack .../21-libcrypt-dev_1%3a4.4.38-1_amd64.deb ...

Unpacking libcrypt-dev:amd64 (1:4.4.38-1) ...

Selecting previously unselected package rpcsvc-proto.

Preparing to unpack .../22-rpcsvc-proto_1.4.3-1_amd64.deb ...

Unpacking rpcsvc-proto (1.4.3-1) ...

Selecting previously unselected package libc6-dev:amd64.

Preparing to unpack .../23-libc6-dev_2.41-12+deb13u2_amd64.deb ...

Unpacking libc6-dev:amd64 (2.41-12+deb13u2) ...

Selecting previously unselected package libisl23:amd64.

Preparing to unpack .../24-libisl23_0.27-1_amd64.deb ...

Unpacking libisl23:amd64 (0.27-1) ...

Selecting previously unselected package libmpfr6:amd64.

Preparing to unpack .../25-libmpfr6_4.2.2-1_amd64.deb ...

Unpacking libmpfr6:amd64 (4.2.2-1) ...

Selecting previously unselected package libmpc3:amd64.

Preparing to unpack .../26-libmpc3_1.3.1-1+b3_amd64.deb ...

Unpacking libmpc3:amd64 (1.3.1-1+b3) ...

Selecting previously unselected package cpp-14-x86-64-linux-gnu.

Preparing to unpack .../27-cpp-14-x86-64-linux-gnu_14.2.0-19_amd64.deb ...

Unpacking cpp-14-x86-64-linux-gnu (14.2.0-19) ...

Selecting previously unselected package cpp-14.


Preparing to unpack .../28-cpp-14_14.2.0-19_amd64.deb ...

Unpacking cpp-14 (14.2.0-19) ...

Selecting previously unselected package cpp-x86-64-linux-gnu.

Preparing to unpack .../29-cpp-x86-64-linux-gnu_4%3a14.2.0-1_amd64.deb ...

Unpacking cpp-x86-64-linux-gnu (4:14.2.0-1) ...

Selecting previously unselected package cpp.

Preparing to unpack .../30-cpp_4%3a14.2.0-1_amd64.deb ...

Unpacking cpp (4:14.2.0-1) ...

Selecting previously unselected package libcc1-0:amd64.

Preparing to unpack .../31-libcc1-0_14.2.0-19_amd64.deb ...

Unpacking libcc1-0:amd64 (14.2.0-19) ...

Selecting previously unselected package libgomp1:amd64.

Preparing to unpack .../32-libgomp1_14.2.0-19_amd64.deb ...

Unpacking libgomp1:amd64 (14.2.0-19) ...

Selecting previously unselected package libitm1:amd64.

Preparing to unpack .../33-libitm1_14.2.0-19_amd64.deb ...

Unpacking libitm1:amd64 (14.2.0-19) ...

Selecting previously unselected package libatomic1:amd64.

Preparing to unpack .../34-libatomic1_14.2.0-19_amd64.deb ...

Unpacking libatomic1:amd64 (14.2.0-19) ...

Selecting previously unselected package libasan8:amd64.

Preparing to unpack .../35-libasan8_14.2.0-19_amd64.deb ...

Unpacking libasan8:amd64 (14.2.0-19) ...

Selecting previously unselected package liblsan0:amd64.

Preparing to unpack .../36-liblsan0_14.2.0-19_amd64.deb ...

Unpacking liblsan0:amd64 (14.2.0-19) ...

Selecting previously unselected package libtsan2:amd64.

Preparing to unpack .../37-libtsan2_14.2.0-19_amd64.deb ...

Unpacking libtsan2:amd64 (14.2.0-19) ...

Selecting previously unselected package libubsan1:amd64.

Preparing to unpack .../38-libubsan1_14.2.0-19_amd64.deb ...

Unpacking libubsan1:amd64 (14.2.0-19) ...

Selecting previously unselected package libhwasan0:amd64.

Preparing to unpack .../39-libhwasan0_14.2.0-19_amd64.deb ...

Unpacking libhwasan0:amd64 (14.2.0-19) ...

Selecting previously unselected package libquadmath0:amd64.

Preparing to unpack .../40-libquadmath0_14.2.0-19_amd64.deb ...

Unpacking libquadmath0:amd64 (14.2.0-19) ...

Selecting previously unselected package libgcc-14-dev:amd64.

Preparing to unpack .../41-libgcc-14-dev_14.2.0-19_amd64.deb ...

Unpacking libgcc-14-dev:amd64 (14.2.0-19) ...

Selecting previously unselected package gcc-14-x86-64-linux-gnu.

Preparing to unpack .../42-gcc-14-x86-64-linux-gnu_14.2.0-19_amd64.deb ...

Unpacking gcc-14-x86-64-linux-gnu (14.2.0-19) ...

Selecting previously unselected package gcc-14.

Preparing to unpack .../43-gcc-14_14.2.0-19_amd64.deb ...

Unpacking gcc-14 (14.2.0-19) ...

Selecting previously unselected package gcc-x86-64-linux-gnu.

Preparing to unpack .../44-gcc-x86-64-linux-gnu_4%3a14.2.0-1_amd64.deb ...

Unpacking gcc-x86-64-linux-gnu (4:14.2.0-1) ...

Selecting previously unselected package gcc.

Preparing to unpack .../45-gcc_4%3a14.2.0-1_amd64.deb ...

Unpacking gcc (4:14.2.0-1) ...

Selecting previously unselected package libstdc++-14-dev:amd64.

Preparing to unpack .../46-libstdc++-14-dev_14.2.0-19_amd64.deb ...

Unpacking libstdc++-14-dev:amd64 (14.2.0-19) ...

Selecting previously unselected package g++-14-x86-64-linux-gnu.

Preparing to unpack .../47-g++-14-x86-64-linux-gnu_14.2.0-19_amd64.deb ...

Unpacking g++-14-x86-64-linux-gnu (14.2.0-19) ...

Selecting previously unselected package g++-14.


Preparing to unpack .../48-g++-14_14.2.0-19_amd64.deb ...

Unpacking g++-14 (14.2.0-19) ...

Selecting previously unselected package g++-x86-64-linux-gnu.

Preparing to unpack .../49-g++-x86-64-linux-gnu_4%3a14.2.0-1_amd64.deb ...

Unpacking g++-x86-64-linux-gnu (4:14.2.0-1) ...

Selecting previously unselected package g++.

Preparing to unpack .../50-g++_4%3a14.2.0-1_amd64.deb ...

Unpacking g++ (4:14.2.0-1) ...

Selecting previously unselected package make.

Preparing to unpack .../51-make_4.4.1-2_amd64.deb ...

Unpacking make (4.4.1-2) ...

Selecting previously unselected package libdpkg-perl.

Preparing to unpack .../52-libdpkg-perl_1.22.22_all.deb ...

Unpacking libdpkg-perl (1.22.22) ...

Selecting previously unselected package patch.

Preparing to unpack .../53-patch_2.8-2_amd64.deb ...

Unpacking patch (2.8-2) ...

Selecting previously unselected package dpkg-dev.

Preparing to unpack .../54-dpkg-dev_1.22.22_all.deb ...

Unpacking dpkg-dev (1.22.22) ...

Selecting previously unselected package build-essential.

Preparing to unpack .../55-build-essential_12.12_amd64.deb ...

Unpacking build-essential (12.12) ...

Selecting previously unselected package libbrotli1:amd64.

Preparing to unpack .../56-libbrotli1_1.1.0-2+b7_amd64.deb ...

Unpacking libbrotli1:amd64 (1.1.0-2+b7) ...

Selecting previously unselected package libkrb5support0:amd64.

Preparing to unpack .../57-libkrb5support0_1.21.3-5_amd64.deb ...

Unpacking libkrb5support0:amd64 (1.21.3-5) ...

Selecting previously unselected package libcom-err2:amd64.

Preparing to unpack .../58-libcom-err2_1.47.2-3+b10_amd64.deb ...

Unpacking libcom-err2:amd64 (1.47.2-3+b10) ...

Selecting previously unselected package libk5crypto3:amd64.

Preparing to unpack .../59-libk5crypto3_1.21.3-5_amd64.deb ...

Unpacking libk5crypto3:amd64 (1.21.3-5) ...

Selecting previously unselected package libkeyutils1:amd64.

Preparing to unpack .../60-libkeyutils1_1.6.3-6_amd64.deb ...

Unpacking libkeyutils1:amd64 (1.6.3-6) ...

Selecting previously unselected package libkrb5-3:amd64.

Preparing to unpack .../61-libkrb5-3_1.21.3-5_amd64.deb ...

Unpacking libkrb5-3:amd64 (1.21.3-5) ...

Selecting previously unselected package libgssapi-krb5-2:amd64.

Preparing to unpack .../62-libgssapi-krb5-2_1.21.3-5_amd64.deb ...

Unpacking libgssapi-krb5-2:amd64 (1.21.3-5) ...

Selecting previously unselected package libunistring5:amd64.

Preparing to unpack .../63-libunistring5_1.3-2_amd64.deb ...

Unpacking libunistring5:amd64 (1.3-2) ...

Selecting previously unselected package libidn2-0:amd64.

Preparing to unpack .../64-libidn2-0_2.3.8-2_amd64.deb ...

Unpacking libidn2-0:amd64 (2.3.8-2) ...

Selecting previously unselected package libsasl2-modules-db:amd64.

Preparing to unpack .../65-libsasl2-modules-db_2.1.28+dfsg1-9_amd64.deb ...

Unpacking libsasl2-modules-db:amd64 (2.1.28+dfsg1-9) ...

Selecting previously unselected package libsasl2-2:amd64.

Preparing to unpack .../66-libsasl2-2_2.1.28+dfsg1-9_amd64.deb ...

Unpacking libsasl2-2:amd64 (2.1.28+dfsg1-9) ...

Selecting previously unselected package libldap2:amd64.

Preparing to unpack .../67-libldap2_2.6.10+dfsg-1_amd64.deb ...

Unpacking libldap2:amd64 (2.6.10+dfsg-1) ...

Selecting previously unselected package libnghttp2-14:amd64.

Preparing to unpack .../68-libnghttp2-14_1.64.0-1.1_amd64.deb ...

Unpacking libnghttp2-14:amd64 (1.64.0-1.1) ...

Selecting previously unselected package libnghttp3-9:amd64.

Preparing to unpack .../69-libnghttp3-9_1.8.0-1_amd64.deb ...

Unpacking libnghttp3-9:amd64 (1.8.0-1) ...

Selecting previously unselected package libpsl5t64:amd64.

Preparing to unpack .../70-libpsl5t64_0.21.2-1.1+b1_amd64.deb ...

Unpacking libpsl5t64:amd64 (0.21.2-1.1+b1) ...

Selecting previously unselected package libp11-kit0:amd64.

Preparing to unpack .../71-libp11-kit0_0.25.5-3_amd64.deb ...

Unpacking libp11-kit0:amd64 (0.25.5-3) ...

Selecting previously unselected package libtasn1-6:amd64.

Preparing to unpack .../72-libtasn1-6_4.20.0-2_amd64.deb ...

Unpacking libtasn1-6:amd64 (4.20.0-2) ...

Selecting previously unselected package libgnutls30t64:amd64.

Preparing to unpack .../73-libgnutls30t64_3.8.9-3+deb13u2_amd64.deb ...

Unpacking libgnutls30t64:amd64 (3.8.9-3+deb13u2) ...

Selecting previously unselected package librtmp1:amd64.

Preparing to unpack .../74-librtmp1_2.4+20151223.gitfa8646d.1-2+b5_amd64.deb ...

Unpacking librtmp1:amd64 (2.4+20151223.gitfa8646d.1-2+b5) ...

Selecting previously unselected package libssh2-1t64:amd64.

Preparing to unpack .../75-libssh2-1t64_1.11.1-1_amd64.deb ...

Unpacking libssh2-1t64:amd64 (1.11.1-1) ...

Selecting previously unselected package libcurl4t64:amd64.

Preparing to unpack .../76-libcurl4t64_8.14.1-2+deb13u2_amd64.deb ...

Unpacking libcurl4t64:amd64 (8.14.1-2+deb13u2) ...

Selecting previously unselected package curl.

Preparing to unpack .../77-curl_8.14.1-2+deb13u2_amd64.deb ...

Unpacking curl (8.14.1-2+deb13u2) ...

Selecting previously unselected package libfakeroot:amd64.

Preparing to unpack .../78-libfakeroot_1.37.1.1-1_amd64.deb ...

Unpacking libfakeroot:amd64 (1.37.1.1-1) ...

Selecting previously unselected package fakeroot.

Preparing to unpack .../79-fakeroot_1.37.1.1-1_amd64.deb ...

Unpacking fakeroot (1.37.1.1-1) ...

Selecting previously unselected package libalgorithm-diff-perl.

Preparing to unpack .../80-libalgorithm-diff-perl_1.201-1_all.deb ...

Unpacking libalgorithm-diff-perl (1.201-1) ...

Selecting previously unselected package libalgorithm-diff-xs-perl.

Preparing to unpack .../81-libalgorithm-diff-xs-perl_0.04-9_amd64.deb ...

Unpacking libalgorithm-diff-xs-perl (0.04-9) ...

Selecting previously unselected package libalgorithm-merge-perl.

Preparing to unpack .../82-libalgorithm-merge-perl_0.08-5_all.deb ...

Unpacking libalgorithm-merge-perl (0.08-5) ...

Selecting previously unselected package libfile-fcntllock-perl.

Preparing to unpack .../83-libfile-fcntllock-perl_0.22-4+b4_amd64.deb ...

Unpacking libfile-fcntllock-perl (0.22-4+b4) ...

Selecting previously unselected package libldap-common.

Preparing to unpack .../84-libldap-common_2.6.10+dfsg-1_all.deb ...

Unpacking libldap-common (2.6.10+dfsg-1) ...

Selecting previously unselected package libpq5:amd64.

Preparing to unpack .../85-libpq5_17.9-0+deb13u1_amd64.deb ...

Unpacking libpq5:amd64 (17.9-0+deb13u1) ...

Selecting previously unselected package libssl-dev:amd64.

Preparing to unpack .../86-libssl-dev_3.5.5-1~deb13u2_amd64.deb ...

Unpacking libssl-dev:amd64 (3.5.5-1~deb13u2) ...

Selecting previously unselected package libpq-dev.

Preparing to unpack .../87-libpq-dev_17.9-0+deb13u1_amd64.deb ...

Unpacking libpq-dev (17.9-0+deb13u1) ...

Selecting previously unselected package libsasl2-modules:amd64.

Preparing to unpack .../88-libsasl2-modules_2.1.28+dfsg1-9_amd64.deb ...

Unpacking libsasl2-modules:amd64 (2.1.28+dfsg1-9) ...

Selecting previously unselected package manpages-dev.

Preparing to unpack .../89-manpages-dev_6.9.1-1_all.deb ...

Unpacking manpages-dev (6.9.1-1) ...

Selecting previously unselected package publicsuffix.

Preparing to unpack .../90-publicsuffix_20250328.1952-0.1_all.deb ...

Unpacking publicsuffix (20250328.1952-0.1) ...

Selecting previously unselected package sq.

Preparing to unpack .../91-sq_1.3.1-2+b2_amd64.deb ...

Unpacking sq (1.3.1-2+b2) ...

Setting up libkeyutils1:amd64 (1.6.3-6) ...

Setting up libgdbm-compat4t64:amd64 (1.24-2) ...

Setting up manpages (6.9.1-1) ...

Setting up libbrotli1:amd64 (1.1.0-2+b7) ...

Setting up libsasl2-modules:amd64 (2.1.28+dfsg1-9) ...


Setting up binutils-common:amd64 (2.44-3) ...

Setting up libnghttp2-14:amd64 (1.64.0-1.1) ...

Setting up linux-libc-dev (6.12.86-1) ...

Setting up libctf-nobfd0:amd64 (2.44-3) ...

Setting up krb5-locales (1.21.3-5) ...

Setting up libcom-err2:amd64 (1.47.2-3+b10) ...

Setting up sq (1.3.1-2+b2) ...

Setting up libgomp1:amd64 (14.2.0-19) ...

Setting up bzip2 (1.0.8-6) ...

Setting up libldap-common (2.6.10+dfsg-1) ...

Setting up libsframe1:amd64 (2.44-3) ...

Setting up libfakeroot:amd64 (1.37.1.1-1) ...

Setting up libjansson4:amd64 (2.14-2+b3) ...

Setting up libkrb5support0:amd64 (1.21.3-5) ...

Setting up libsasl2-modules-db:amd64 (2.1.28+dfsg1-9) ...

Setting up fakeroot (1.37.1.1-1) ...

update-alternatives: using /usr/bin/fakeroot-sysv to provide /usr/bin/fakeroot (fakeroot) in auto mode

update-alternatives: warning: skip creation of /usr/share/man/man1/fakeroot.1.gz because associated file /usr/share/man/man1/fakeroot-sysv.1.gz (of link group fakeroot) doesn't exist

update-alternatives: warning: skip creation of /usr/share/man/man1/faked.1.gz because associated file /usr/share/man/man1/faked-sysv.1.gz (of link group fakeroot) doesn't exist

update-alternatives: warning: skip creation of /usr/share/man/es/man1/fakeroot.1.gz because associated file /usr/share/man/es/man1/fakeroot-sysv.1.gz (of link group fakeroot) doesn't exist

update-alternatives: warning: skip creation of /usr/share/man/es/man1/faked.1.gz because associated file /usr/share/man/es/man1/faked-sysv.1.gz (of link group fakeroot) doesn't exist

update-alternatives: warning: skip creation of /usr/share/man/fr/man1/fakeroot.1.gz because associated file /usr/share/man/fr/man1/fakeroot-sysv.1.gz (of link group fakeroot) doesn't exist

update-alternatives: warning: skip creation of /usr/share/man/fr/man1/faked.1.gz because associated file /usr/share/man/fr/man1/faked-sysv.1.gz (of link group fakeroot) doesn't exist

update-alternatives: warning: skip creation of /usr/share/man/sv/man1/fakeroot.1.gz because associated file /usr/share/man/sv/man1/fakeroot-sysv.1.gz (of link group fakeroot) doesn't exist

update-alternatives: warning: skip creation of /usr/share/man/sv/man1/faked.1.gz because associated file /usr/share/man/sv/man1/faked-sysv.1.gz (of link group fakeroot) doesn't exist

Setting up rpcsvc-proto (1.4.3-1) ...

Setting up make (4.4.1-2) ...

Setting up libmpfr6:amd64 (4.2.2-1) ...

Setting up bash-completion (1:2.16.0-7) ...

Setting up xz-utils (5.8.1-1) ...

update-alternatives: using /usr/bin/xz to provide /usr/bin/lzma (lzma) in auto mode

update-alternatives: warning: skip creation of /usr/share/man/man1/lzma.1.gz because associated file /usr/share/man/man1/xz.1.gz (of link group lzma) doesn't exist

update-alternatives: warning: skip creation of /usr/share/man/man1/unlzma.1.gz because associated file /usr/share/man/man1/unxz.1.gz (of link group lzma) doesn't exist

update-alternatives: warning: skip creation of /usr/share/man/man1/lzcat.1.gz because associated file /usr/share/man/man1/xzcat.1.gz (of link group lzma) doesn't exist

update-alternatives: warning: skip creation of /usr/share/man/man1/lzmore.1.gz because associated file /usr/share/man/man1/xzmore.1.gz (of link group lzma) doesn't exist

update-alternatives: warning: skip creation of /usr/share/man/man1/lzless.1.gz because associated file /usr/share/man/man1/xzless.1.gz (of link group lzma) doesn't exist

update-alternatives: warning: skip creation of /usr/share/man/man1/lzdiff.1.gz because associated file /usr/share/man/man1/xzdiff.1.gz (of link group lzma) doesn't exist

update-alternatives: warning: skip creation of /usr/share/man/man1/lzcmp.1.gz because associated file /usr/share/man/man1/xzcmp.1.gz (of link group lzma) doesn't exist

update-alternatives: warning: skip creation of /usr/share/man/man1/lzgrep.1.gz because associated file /usr/share/man/man1/xzgrep.1.gz (of link group lzma) doesn't exist

update-alternatives: warning: skip creation of /usr/share/man/man1/lzegrep.1.gz because associated file /usr/share/man/man1/xzegrep.1.gz (of link group lzma) doesn't exist

update-alternatives: warning: skip creation of /usr/share/man/man1/lzfgrep.1.gz because associated file /usr/share/man/man1/xzfgrep.1.gz (of link group lzma) doesn't exist

Setting up libquadmath0:amd64 (14.2.0-19) ...

Setting up libp11-kit0:amd64 (0.25.5-3) ...

Setting up libunistring5:amd64 (1.3-2) ...

Setting up libssl-dev:amd64 (3.5.5-1~deb13u2) ...

Setting up libmpc3:amd64 (1.3.1-1+b3) ...

Setting up libatomic1:amd64 (14.2.0-19) ...

Setting up patch (2.8-2) ...

Setting up libk5crypto3:amd64 (1.21.3-5) ...

Setting up libsasl2-2:amd64 (2.1.28+dfsg1-9) ...

Setting up libnghttp3-9:amd64 (1.8.0-1) ...

Setting up libubsan1:amd64 (14.2.0-19) ...

Setting up perl-modules-5.40 (5.40.1-6) ...

Setting up libhwasan0:amd64 (14.2.0-19) ...

Setting up libcrypt-dev:amd64 (1:4.4.38-1) ...

Setting up libasan8:amd64 (14.2.0-19) ...

Setting up libtasn1-6:amd64 (4.20.0-2) ...

Setting up libkrb5-3:amd64 (1.21.3-5) ...

Setting up libssh2-1t64:amd64 (1.11.1-1) ...

Setting up libtsan2:amd64 (14.2.0-19) ...

Setting up libbinutils:amd64 (2.44-3) ...

Setting up libisl23:amd64 (0.27-1) ...

Setting up libc-dev-bin (2.41-12+deb13u2) ...

Setting up publicsuffix (20250328.1952-0.1) ...

Setting up libcc1-0:amd64 (14.2.0-19) ...

Setting up libldap2:amd64 (2.6.10+dfsg-1) ...

Setting up liblocale-gettext-perl (1.07-7+b1) ...

Setting up liblsan0:amd64 (14.2.0-19) ...

Setting up libitm1:amd64 (14.2.0-19) ...

Setting up libctf0:amd64 (2.44-3) ...

Setting up manpages-dev (6.9.1-1) ...

Setting up libidn2-0:amd64 (2.3.8-2) ...

Setting up libperl5.40:amd64 (5.40.1-6) ...

Setting up perl (5.40.1-6) ...

Setting up libgprofng0:amd64 (2.44-3) ...

Setting up libgssapi-krb5-2:amd64 (1.21.3-5) ...

Setting up cpp-14-x86-64-linux-gnu (14.2.0-19) ...

Setting up libdpkg-perl (1.22.22) ...

Setting up cpp-14 (14.2.0-19) ...

Setting up libc6-dev:amd64 (2.41-12+deb13u2) ...

Setting up libgcc-14-dev:amd64 (14.2.0-19) ...

Setting up libstdc++-14-dev:amd64 (14.2.0-19) ...

Setting up binutils-x86-64-linux-gnu (2.44-3) ...

Setting up cpp-x86-64-linux-gnu (4:14.2.0-1) ...

Setting up libgnutls30t64:amd64 (3.8.9-3+deb13u2) ...

Setting up libfile-fcntllock-perl (0.22-4+b4) ...

Setting up libalgorithm-diff-perl (1.201-1) ...

Setting up libpsl5t64:amd64 (0.21.2-1.1+b1) ...

Setting up libpq5:amd64 (17.9-0+deb13u1) ...

Setting up libpq-dev (17.9-0+deb13u1) ...

Setting up binutils (2.44-3) ...

Setting up dpkg-dev (1.22.22) ...

Setting up librtmp1:amd64 (2.4+20151223.gitfa8646d.1-2+b5) ...

Setting up cpp (4:14.2.0-1) ...

Setting up gcc-14-x86-64-linux-gnu (14.2.0-19) ...

Setting up libalgorithm-diff-xs-perl (0.04-9) ...

Setting up libalgorithm-merge-perl (0.08-5) ...

Setting up gcc-x86-64-linux-gnu (4:14.2.0-1) ...

Setting up libcurl4t64:amd64 (8.14.1-2+deb13u2) ...

Setting up gcc-14 (14.2.0-19) ...

Setting up g++-14-x86-64-linux-gnu (14.2.0-19) ...

Setting up g++-x86-64-linux-gnu (4:14.2.0-1) ...

Setting up curl (8.14.1-2+deb13u2) ...

Setting up g++-14 (14.2.0-19) ...

Setting up gcc (4:14.2.0-1) ...

Setting up g++ (4:14.2.0-1) ...

update-alternatives: using /usr/bin/g++ to provide /usr/bin/c++ (c++) in auto mode

Setting up build-essential (12.12) ...

Processing triggers for libc-bin (2.41-12+deb13u2) ...

Removing intermediate container 34420a52f9dd
 ---> d2f7eb3af9d0
Step 5/13 : WORKDIR /app

 ---> Running in 7e2bb5a1cbfa
Removing intermediate container 7e2bb5a1cbfa
 ---> be737358a242
Step 6/13 : COPY requirements.txt .
 ---> 3558797a873c
Step 7/13 : RUN pip install --no-cache-dir --upgrade pip &&     pip install --no-cache-dir -r requirements.txt
 ---> Running in 09dec7b7bd69
Requirement already satisfied: pip in /usr/local/lib/python3.11/site-packages (24.0)

ERROR: The command failed with an unexpected error. Here is the traceback:
ERROR: 'charmap' codec can't encode characters in position 130-169: character maps to <undefined>
Traceback (most recent call last):
  File "D:\a\_work\1\s\build_scripts\windows\artifacts\cli\Lib\site-packages\knack/cli.py", line 233, in invoke
  File "D:\a\_work\1\s\build_scripts\windows\artifacts\cli\Lib\site-packages\azure/cli/core/commands/__init__.py", line 677, in execute
  File "D:\a\_work\1\s\build_scripts\windows\artifacts\cli\Lib\site-packages\azure/cli/core/commands/__init__.py", line 820, in _run_jobs_serially
  File "D:\a\_work\1\s\build_scripts\windows\artifacts\cli\Lib\site-packages\azure/cli/core/commands/__init__.py", line 789, in _run_job
  File "D:\a\_work\1\s\build_scripts\windows\artifacts\cli\Lib\site-packages\azure/cli/core/commands/__init__.py", line 335, in __call__
  File "D:\a\_work\1\s\build_scripts\windows\artifacts\cli\Lib\site-packages\azure/cli/core/commands/command_operation.py", line 120, in handler
  File "D:\a\_work\1\s\build_scripts\windows\artifacts\cli\Lib\site-packages\azure/cli/command_modules/acr/build.py", line 146, in acr_build
  File "D:\a\_work\1\s\build_scripts\windows\artifacts\cli\Lib\site-packages\azure/cli/command_modules/acr/_stream_utils.py", line 56, in stream_logs
  File "D:\a\_work\1\s\build_scripts\windows\artifacts\cli\Lib\site-packages\azure/cli/command_modules/acr/_stream_utils.py", line 126, in _stream_logs
  File "D:\a\_work\1\s\build_scripts\windows\artifacts\cli\Lib\site-packages\colorama/ansitowin32.py", line 47, in write
  File "D:\a\_work\1\s\build_scripts\windows\artifacts\cli\Lib\site-packages\colorama/ansitowin32.py", line 177, in write
  File "D:\a\_work\1\s\build_scripts\windows\artifacts\cli\Lib\site-packages\colorama/ansitowin32.py", line 202, in write_and_convert
  File "D:\a\_work\1\s\build_scripts\windows\artifacts\cli\Lib\site-packages\colorama/ansitowin32.py", line 210, in write_plain_text
  File "encodings\cp1252.py", line 19, in encode
UnicodeEncodeError: 'charmap' codec can't encode characters in position 130-169: character maps to <undefined>
To check existing issues, please visit: https://github.com/Azure/azure-cli/issues
