
> tca-irr-app@1.0.0 build
> next build

   Î“Ă»â–“ Next.js 15.3.3
   - Environments: .env.production

   Creating an optimized production build ...
 Î“ÂŁĂ´ Compiled successfully in 36.0s
   Skipping validation of types
   Skipping linting
   Collecting page data ...
   Generating static pages (0/77) ...
   Generating static pages (19/77) 
   Generating static pages (38/77) 
   Generating static pages (57/77) 
 Î“ÂŁĂ´ Generating static pages (77/77)
   Finalizing page optimization ...
   Collecting build traces ...

Route (app)                                       Size  First Load JS
Î“Ă¶Ă® Î“ĂąĂŻ /                                            208 B         105 kB
Î“Ă¶ÂŁ Î“ĂąĂŻ /_not-found                                  171 B         101 kB
Î“Ă¶ÂŁ Î“ĂąĂŻ /accept-invite                             6.36 kB         119 kB
Î“Ă¶ÂŁ Î“ĂąĂŻ /analysis/modules/analyst                  14.3 kB         239 kB
Î“Ă¶ÂŁ Î“ĂąĂŻ /analysis/modules/benchmark                6.97 kB         149 kB
Î“Ă¶ÂŁ Î“ĂąĂŻ /analysis/modules/funder                   8.28 kB         121 kB
Î“Ă¶ÂŁ Î“ĂąĂŻ /analysis/modules/gap                       8.7 kB         121 kB
Î“Ă¶ÂŁ Î“ĂąĂŻ /analysis/modules/growth                   11.1 kB         137 kB
Î“Ă¶ÂŁ Î“ĂąĂŻ /analysis/modules/macro                    7.11 kB         126 kB
Î“Ă¶ÂŁ Î“ĂąĂŻ /analysis/modules/risk                     5.73 kB         125 kB
Î“Ă¶ÂŁ Î“ĂąĂŻ /analysis/modules/strategic                8.26 kB         121 kB
Î“Ă¶ÂŁ Î“ĂąĂŻ /analysis/modules/tca                      10.5 kB         123 kB
Î“Ă¶ÂŁ Î“ĂąĂŻ /analysis/modules/team                     6.71 kB         126 kB
Î“Ă¶ÂŁ Î“ĂąĂŻ /analysis/result                           34.3 kB         812 kB
Î“Ă¶ÂŁ Î“ĂąĂŻ /analysis/run                              12.3 kB         128 kB
Î“Ă¶ÂŁ Î“ĂąĂŻ /analysis/tca                              14.5 kB         236 kB
Î“Ă¶ÂŁ Î“ĂąĂŻ /analysis/what-if                          15.1 kB         164 kB
Î“Ă¶ÂŁ â•žĂ† /api/analysis/comprehensive                  171 B         101 kB
Î“Ă¶ÂŁ â•žĂ† /api/external-data                           171 B         101 kB
Î“Ă¶ÂŁ â•žĂ† /api/reports                                 171 B         101 kB
Î“Ă¶ÂŁ â•žĂ† /api/ssd/connection-test                     171 B         101 kB
Î“Ă¶ÂŁ â•žĂ† /api/test-backend                            171 B         101 kB
Î“Ă¶ÂŁ â•žĂ† /api/users/invite                            171 B         101 kB
Î“Ă¶ÂŁ Î“ĂąĂŻ /dashboard                                   208 B         105 kB
Î“Ă¶ÂŁ Î“ĂąĂŻ /dashboard/ai-training                     14.9 kB         250 kB
Î“Ă¶ÂŁ Î“ĂąĂŻ /dashboard/ai-training/bias-fairness       2.58 kB         213 kB
Î“Ă¶ÂŁ Î“ĂąĂŻ /dashboard/ai-training/data-quality        3.39 kB         219 kB
Î“Ă¶ÂŁ Î“ĂąĂŻ /dashboard/ai-training/performance         2.47 kB         217 kB
Î“Ă¶ÂŁ Î“ĂąĂŻ /dashboard/analyst                          8.7 kB         151 kB
Î“Ă¶ÂŁ Î“ĂąĂŻ /dashboard/backup                          6.68 kB         156 kB
Î“Ă¶ÂŁ Î“ĂąĂŻ /dashboard/cost                            27.9 kB         662 kB
Î“Ă¶ÂŁ Î“ĂąĂŻ /dashboard/database                         4.6 kB         806 kB
Î“Ă¶ÂŁ Î“ĂąĂŻ /dashboard/database-integration            7.73 kB         150 kB
Î“Ă¶ÂŁ Î“ĂąĂŻ /dashboard/evaluation                      32.1 kB         189 kB
Î“Ă¶ÂŁ Î“ĂąĂŻ /dashboard/evaluation/modules              9.11 kB         151 kB
Î“Ă¶ÂŁ â•žĂ† /dashboard/evaluation/modules/[slug]        9.6 kB         151 kB
Î“Ă¶ÂŁ Î“ĂąĂŻ /dashboard/help                            13.5 kB         155 kB
Î“Ă¶ÂŁ Î“ĂąĂŻ /dashboard/help/add-new-source               208 B         105 kB
Î“Ă¶ÂŁ Î“ĂąĂŻ /dashboard/help/admin-configuration          208 B         105 kB
Î“Ă¶ÂŁ Î“ĂąĂŻ /dashboard/help/analyst-analysis             208 B         105 kB
Î“Ă¶ÂŁ Î“ĂąĂŻ /dashboard/help/cost-analysis                208 B         105 kB
Î“Ă¶ÂŁ Î“ĂąĂŻ /dashboard/help/detailed-report            9.27 kB         784 kB
Î“Ă¶ÂŁ Î“ĂąĂŻ /dashboard/help/getting-started              208 B         105 kB
Î“Ă¶ÂŁ Î“ĂąĂŻ /dashboard/help/module-guides                208 B         105 kB
Î“Ă¶ÂŁ Î“ĂąĂŻ /dashboard/help/triage-report                18 kB         275 kB
Î“Ă¶ÂŁ Î“ĂąĂŻ /dashboard/help/understanding-your-report   6.8 kB         119 kB
Î“Ă¶ÂŁ Î“ĂąĂŻ /dashboard/help/what-if-analysis             10 kB         122 kB
Î“Ă¶ÂŁ Î“ĂąĂŻ /dashboard/module-settings                 10.4 kB         159 kB
Î“Ă¶ÂŁ Î“ĂąĂŻ /dashboard/my-requests                     7.39 kB         123 kB
Î“Ă¶ÂŁ Î“ĂąĂŻ /dashboard/profile                         5.92 kB         115 kB
Î“Ă¶ÂŁ Î“ĂąĂŻ /dashboard/remote                          7.82 kB         150 kB
Î“Ă¶ÂŁ Î“ĂąĂŻ /dashboard/reports                         14.2 kB         657 kB
Î“Ă¶ÂŁ Î“ĂąĂŻ /dashboard/reports/configure               22.6 kB         138 kB
Î“Ă¶ÂŁ Î“ĂąĂŻ /dashboard/reports/due-diligence           21.1 kB         166 kB
Î“Ă¶ÂŁ Î“ĂąĂŻ /dashboard/reports/triage                  9.51 kB         134 kB
Î“Ă¶ÂŁ Î“ĂąĂŻ /dashboard/request                         6.19 kB         145 kB
Î“Ă¶ÂŁ Î“ĂąĂŻ /dashboard/schema                          9.79 kB         122 kB
Î“Ă¶ÂŁ Î“ĂąĂŻ /dashboard/schema/external-sources           171 B         101 kB
Î“Ă¶ÂŁ Î“ĂąĂŻ /dashboard/schema/module-configurations      171 B         101 kB
Î“Ă¶ÂŁ Î“ĂąĂŻ /dashboard/schema/system-configuration       171 B         101 kB
Î“Ă¶ÂŁ Î“ĂąĂŻ /dashboard/settings                        5.71 kB         144 kB
Î“Ă¶ÂŁ Î“ĂąĂŻ /dashboard/ssd-audit                       13.1 kB         146 kB
Î“Ă¶ÂŁ Î“ĂąĂŻ /dashboard/system-config                   12.7 kB         158 kB
Î“Ă¶ÂŁ Î“ĂąĂŻ /dashboard/system-health                   7.66 kB         117 kB
Î“Ă¶ÂŁ Î“ĂąĂŻ /dashboard/user-requests                   9.47 kB         158 kB
Î“Ă¶ÂŁ Î“ĂąĂŻ /dashboard/users                           13.5 kB         163 kB
Î“Ă¶ÂŁ Î“ĂąĂŻ /data-sources                              12.1 kB         336 kB
Î“Ă¶ÂŁ Î“ĂąĂŻ /direct-test                                3.1 kB         112 kB
Î“Ă¶ÂŁ Î“ĂąĂŻ /forgot-password                           5.16 kB         118 kB
Î“Ă¶ÂŁ Î“ĂąĂŻ /login                                      9.3 kB         122 kB
Î“Ă¶ÂŁ Î“ĂąĂŻ /logout                                    1.38 kB         110 kB
Î“Ă¶ÂŁ Î“ĂąĂŻ /maintenance                               4.49 kB         114 kB
Î“Ă¶ÂŁ Î“ĂąĂŻ /reset-password                            5.76 kB         118 kB
Î“Ă¶ÂŁ Î“ĂąĂŻ /signup                                    7.66 kB         120 kB
Î“Ă¶Ă¶ Î“ĂąĂŻ /unauthorized                                208 B         105 kB
+ First Load JS shared by all                   101 kB
  Î“Ă¶ÂŁ chunks/1684-9aa2243483954a6b.js            45.8 kB
  Î“Ă¶ÂŁ chunks/4bd1b696-327d4366ffe7c022.js        53.2 kB
  Î“Ă¶Ă¶ other shared chunks (total)                2.17 kB


â•žĂ† Middleware                                   34.7 kB

Î“ĂąĂŻ  (Static)   prerendered as static content
â•žĂ†  (Dynamic)  server-rendered on demand


> tca-irr-app@1.0.0 postbuild
> echo 'Build completed successfully'

'Build completed successfully'
